<?xml version="1.0" encoding="UTF-8"?>
<testng-results ignored="0" total="4" passed="4" failed="0" skipped="0">
  <reporter-output>
    <line>
      <![CDATA[Total menu options are: 12]]>
    </line>
    <line>
      <![CDATA[Admin]]>
    </line>
    <line>
      <![CDATA[PIM]]>
    </line>
    <line>
      <![CDATA[Leave]]>
    </line>
    <line>
      <![CDATA[Time]]>
    </line>
    <line>
      <![CDATA[Recruitment]]>
    </line>
    <line>
      <![CDATA[My Info]]>
    </line>
    <line>
      <![CDATA[Performance]]>
    </line>
    <line>
      <![CDATA[Dashboard]]>
    </line>
    <line>
      <![CDATA[Directory]]>
    </line>
    <line>
      <![CDATA[Maintenance]]>
    </line>
    <line>
      <![CDATA[Claim]]>
    </line>
    <line>
      <![CDATA[Buzz]]>
    </line>
    <line>
      <![CDATA[(1) Record Found]]>
    </line>
    <line>
      <![CDATA[Search Employee by UserRole]]>
    </line>
    <line>
      <![CDATA[(1) Record Found]]>
    </line>
    <line>
      <![CDATA[Search Employee by Status]]>
    </line>
    <line>
      <![CDATA[(7) Records Found]]>
    </line>
  </reporter-output>
  <suite started-at="2024-09-04T22:39:58 IST" name="Default suite" finished-at="2024-09-04T22:41:02 IST" duration-ms="63878">
    <groups>
    </groups>
    <test started-at="2024-09-04T22:39:58 IST" name="Default test" finished-at="2024-09-04T22:41:02 IST" duration-ms="63878">
      <class name="scenario2Test.AdminPageTest">
        <test-method is-config="true" signature="setUp()[pri:0, instance:scenario2Test.AdminPageTest@55a147cc]" started-at="2024-09-04T22:39:58 IST" name="setUp" finished-at="2024-09-04T22:40:30 IST" duration-ms="32094" status="PASS">
          <reporter-output>
          </reporter-output>
        </test-method> <!-- setUp -->
        <test-method is-config="true" signature="pageSetup()[pri:0, instance:scenario2Test.AdminPageTest@55a147cc]" started-at="2024-09-04T22:40:30 IST" name="pageSetup" finished-at="2024-09-04T22:40:33 IST" duration-ms="2653" status="PASS">
          <reporter-output>
          </reporter-output>
        </test-method> <!-- pageSetup -->
        <test-method signature="getAllMenu()[pri:1, instance:scenario2Test.AdminPageTest@55a147cc]" started-at="2024-09-04T22:40:33 IST" name="getAllMenu" finished-at="2024-09-04T22:40:39 IST" duration-ms="5731" status="PASS">
          <reporter-output>
            <line>
              <![CDATA[Total menu options are: 12]]>
            </line>
            <line>
              <![CDATA[Admin]]>
            </line>
            <line>
              <![CDATA[PIM]]>
            </line>
            <line>
              <![CDATA[Leave]]>
            </line>
            <line>
              <![CDATA[Time]]>
            </line>
            <line>
              <![CDATA[Recruitment]]>
            </line>
            <line>
              <![CDATA[My Info]]>
            </line>
            <line>
              <![CDATA[Performance]]>
            </line>
            <line>
              <![CDATA[Dashboard]]>
            </line>
            <line>
              <![CDATA[Directory]]>
            </line>
            <line>
              <![CDATA[Maintenance]]>
            </line>
            <line>
              <![CDATA[Claim]]>
            </line>
            <line>
              <![CDATA[Buzz]]>
            </line>
          </reporter-output>
        </test-method> <!-- getAllMenu -->
        <test-method signature="VerifySearchWithUsername()[pri:2, instance:scenario2Test.AdminPageTest@55a147cc]" started-at="2024-09-04T22:40:39 IST" name="VerifySearchWithUsername" finished-at="2024-09-04T22:40:43 IST" duration-ms="4350" status="PASS">
          <reporter-output>
            <line>
              <![CDATA[(1) Record Found]]>
            </line>
          </reporter-output>
        </test-method> <!-- VerifySearchWithUsername -->
        <test-method signature="VerifySerchWithUserRole()[pri:3, instance:scenario2Test.AdminPageTest@55a147cc]" started-at="2024-09-04T22:40:43 IST" name="VerifySerchWithUserRole" finished-at="2024-09-04T22:40:47 IST" duration-ms="4506" status="PASS">
          <reporter-output>
            <line>
              <![CDATA[Search Employee by UserRole]]>
            </line>
            <line>
              <![CDATA[(1) Record Found]]>
            </line>
          </reporter-output>
        </test-method> <!-- VerifySerchWithUserRole -->
        <test-method signature="VerifySerchWithUserStatus()[pri:4, instance:scenario2Test.AdminPageTest@55a147cc]" started-at="2024-09-04T22:40:47 IST" name="VerifySerchWithUserStatus" finished-at="2024-09-04T22:40:51 IST" duration-ms="3147" status="PASS">
          <reporter-output>
            <line>
              <![CDATA[Search Employee by Status]]>
            </line>
            <line>
              <![CDATA[(7) Records Found]]>
            </line>
          </reporter-output>
        </test-method> <!-- VerifySerchWithUserStatus -->
        <test-method is-config="true" signature="tearDown()[pri:0, instance:scenario2Test.AdminPageTest@55a147cc]" started-at="2024-09-04T22:40:51 IST" name="tearDown" finished-at="2024-09-04T22:41:02 IST" duration-ms="11224" status="PASS">
          <reporter-output>
          </reporter-output>
        </test-method> <!-- tearDown -->
      </class> <!-- scenario2Test.AdminPageTest -->
    </test> <!-- Default test -->
  </suite> <!-- Default suite -->
</testng-results>
