<?xml version="1.0" encoding="UTF-8"?>
<!-- Generated by org.testng.reporters.JUnitXMLReporter -->
<testsuite ignored="0" hostname="DK" failures="0" tests="4" name="Default test" time="63.878" errors="0" timestamp="2024-09-04T22:41:02 IST">
  <testcase classname="scenario2Test.AdminPageTest" name="getAllMenu" time="5.731"/>
  <testcase classname="scenario2Test.AdminPageTest" name="VerifySearchWithUsername" time="4.35"/>
  <testcase classname="scenario2Test.AdminPageTest" name="VerifySerchWithUserRole" time="4.506"/>
  <testcase classname="scenario2Test.AdminPageTest" name="VerifySerchWithUserStatus" time="3.147"/>
</testsuite> <!-- Default test -->
